{"created": 1680580210.9792528, "duration": 137.76839017868042, "exitcode": 1, "root": "/home/tdhpisme/AutoTest/test", "environment": {"Python": "3.8.10", "Platform": "Linux-5.15.0-69-generic-x86_64-with-glibc2.29", "Packages": {"pytest": "7.2.0", "pluggy": "1.0.0"}, "Plugins": {"metadata": "2.0.4", "json": "0.4.0", "xdist": "3.1.0", "webdriver": "1.7.0", "html": "3.2.0", "allure-pytest": "2.12.0", "json-report": "1.5.0"}}, "summary": {"failed": 2, "passed": 6, "skipped": 4, "total": 12, "collected": 24, "deselected": 12}, "collectors": [{"nodeid": "", "outcome": "passed", "result": [{"nodeid": "Config/__init__.py", "type": "Package"}, {"nodeid": "Utilities/__init__.py", "type": "Package"}, {"nodeid": "pages/__init__.py", "type": "Package"}, {"nodeid": "testcases/__init__.py", "type": "Package"}, {"nodeid": "testcases/CreateWorksheet/__init__.py", "type": "Package"}, {"nodeid": "testcases/PlayGame/__init__.py", "type": "Package"}]}, {"nodeid": "Config/__init__.py", "outcome": "passed", "result": []}, {"nodeid": "Utilities/__init__.py", "outcome": "passed", "result": []}, {"nodeid": "pages/__init__.py", "outcome": "passed", "result": []}, {"nodeid": "testcases/test_base.py", "outcome": "passed", "result": []}, {"nodeid": "testcases/__init__.py", "outcome": "passed", "result": [{"nodeid": "testcases/test_base.py", "type": "Module"}]}, {"nodeid": "testcases/CreateWorksheet/test_function.py::TestData", "outcome": "passed", "result": []}, {"nodeid": "testcases/CreateWorksheet/test_function.py::TestCreateWs", "outcome": "passed", "result": [{"nodeid": "testcases/CreateWorksheet/test_function.py::TestCreateWs::test_save_worksheet_after_upload", "type": "Function", "lineno": 14}, {"nodeid": "testcases/CreateWorksheet/test_function.py::TestCreateWs::test_save_ws_template", "type": "Function", "lineno": 47}, {"nodeid": "testcases/CreateWorksheet/test_function.py::TestCreateWs::test_save_blank_ws", "type": "Function", "lineno": 80}, {"nodeid": "testcases/CreateWorksheet/test_function.py::TestCreateWs::test_undo_redo", "type": "Function", "lineno": 99}, {"nodeid": "testcases/CreateWorksheet/test_function.py::TestCreateWs::test_zoom", "type": "Function", "lineno": 137}, {"nodeid": "testcases/CreateWorksheet/test_function.py::TestCreateWs::test_feed_back_pop_up_1", "type": "Function", "lineno": 173}, {"nodeid": "testcases/CreateWorksheet/test_function.py::TestCreateWs::test_feed_back_pop_up_2", "type": "Function", "lineno": 183}, {"nodeid": "testcases/CreateWorksheet/test_function.py::TestCreateWs::test_add_page_with_button", "type": "Function", "lineno": 192}, {"nodeid": "testcases/CreateWorksheet/test_function.py::TestCreateWs::test_add_page_with_icon", "type": "Function", "lineno": 214}, {"nodeid": "testcases/CreateWorksheet/test_function.py::TestCreateWs::test_duplicate_page", "type": "Function", "lineno": 233}, {"nodeid": "testcases/CreateWorksheet/test_function.py::TestCreateWs::test_move_up_down", "type": "Function", "lineno": 237}, {"nodeid": "testcases/CreateWorksheet/test_function.py::TestCreateWs::test_scroll_to_top", "type": "Function", "lineno": 241}]}, {"nodeid": "testcases/CreateWorksheet/test_function.py", "outcome": "passed", "result": [{"nodeid": "testcases/CreateWorksheet/test_function.py::TestData", "type": "Class"}, {"nodeid": "testcases/CreateWorksheet/test_function.py::TestCreateWs", "type": "Class"}]}, {"nodeid": "testcases/CreateWorksheet/__init__.py", "outcome": "passed", "result": [{"nodeid": "testcases/CreateWorksheet/test_function.py", "type": "Module"}]}, {"nodeid": "testcases/PlayGame/test_ConnectGame.py::TestData", "outcome": "passed", "result": []}, {"nodeid": "testcases/PlayGame/test_ConnectGame.py::TestConnectGame", "outcome": "passed", "result": [{"nodeid": "testcases/PlayGame/test_ConnectGame.py::TestConnectGame::test_score_with_connect", "type": "Function", "lineno": 14, "deselected": true}]}, {"nodeid": "testcases/PlayGame/test_ConnectGame.py", "outcome": "passed", "result": [{"nodeid": "testcases/PlayGame/test_ConnectGame.py::TestData", "type": "Class"}, {"nodeid": "testcases/PlayGame/test_ConnectGame.py::TestConnectGame", "type": "Class"}]}, {"nodeid": "testcases/PlayGame/test_DragAndDropGame.py::TestDragAndDropGame", "outcome": "passed", "result": [{"nodeid": "testcases/PlayGame/test_DragAndDropGame.py::TestDragAndDropGame::test_score_with_play", "type": "Function", "lineno": 10, "deselected": true}]}, {"nodeid": "testcases/PlayGame/test_DragAndDropGame.py", "outcome": "passed", "result": [{"nodeid": "testcases/PlayGame/test_DragAndDropGame.py::TestDragAndDropGame", "type": "Class"}]}, {"nodeid": "testcases/PlayGame/test_General.py::TestData", "outcome": "passed", "result": []}, {"nodeid": "testcases/PlayGame/test_General.py::TestGeneral", "outcome": "passed", "result": [{"nodeid": "testcases/PlayGame/test_General.py::TestGeneral::test_submit_button_location", "type": "Function", "lineno": 13, "deselected": true}, {"nodeid": "testcases/PlayGame/test_General.py::TestGeneral::test_interactive_box_location", "type": "Function", "lineno": 69, "deselected": true}]}, {"nodeid": "testcases/PlayGame/test_General.py", "outcome": "passed", "result": [{"nodeid": "testcases/PlayGame/test_General.py::TestData", "type": "Class"}, {"nodeid": "testcases/PlayGame/test_General.py::TestGeneral", "type": "Class"}]}, {"nodeid": "testcases/PlayGame/test_InputGame.py::TestData", "outcome": "passed", "result": []}, {"nodeid": "testcases/PlayGame/test_InputGame.py::TestInputGame", "outcome": "passed", "result": [{"nodeid": "testcases/PlayGame/test_InputGame.py::TestInputGame::test_score_with_playing", "type": "Function", "lineno": 11, "deselected": true}, {"nodeid": "testcases/PlayGame/test_InputGame.py::TestInputGame::test_score_without_playing", "type": "Function", "lineno": 69, "deselected": true}, {"nodeid": "testcases/PlayGame/test_InputGame.py::TestInputGame::test_play_game", "type": "Function", "lineno": 118, "deselected": true}, {"nodeid": "testcases/PlayGame/test_InputGame.py::TestInputGame::test_show_answer", "type": "Function", "lineno": 150, "deselected": true}, {"nodeid": "testcases/PlayGame/test_InputGame.py::TestInputGame::test_hide_answer", "type": "Function", "lineno": 195, "deselected": true}, {"nodeid": "testcases/PlayGame/test_InputGame.py::TestInputGame::test_try_again", "type": "Function", "lineno": 244, "deselected": true}]}, {"nodeid": "testcases/PlayGame/test_InputGame.py", "outcome": "passed", "result": [{"nodeid": "testcases/PlayGame/test_InputGame.py::TestData", "type": "Class"}, {"nodeid": "testcases/PlayGame/test_InputGame.py::TestInputGame", "type": "Class"}]}, {"nodeid": "testcases/PlayGame/test_SendEmail.py::TestData", "outcome": "passed", "result": []}, {"nodeid": "testcases/PlayGame/test_SendEmail.py::TestSendEmail", "outcome": "passed", "result": [{"nodeid": "testcases/PlayGame/test_SendEmail.py::TestSendEmail::test_send_without_fill_input", "type": "Function", "lineno": 10, "deselected": true}, {"nodeid": "testcases/PlayGame/test_SendEmail.py::TestSendEmail::test_send_email", "type": "Function", "lineno": 13, "deselected": true}]}, {"nodeid": "testcases/PlayGame/test_SendEmail.py", "outcome": "passed", "result": [{"nodeid": "testcases/PlayGame/test_SendEmail.py::TestData", "type": "Class"}, {"nodeid": "testcases/PlayGame/test_SendEmail.py::TestSendEmail", "type": "Class"}]}, {"nodeid": "testcases/PlayGame/__init__.py", "outcome": "passed", "result": [{"nodeid": "testcases/PlayGame/test_ConnectGame.py", "type": "Module"}, {"nodeid": "testcases/PlayGame/test_DragAndDropGame.py", "type": "Module"}, {"nodeid": "testcases/PlayGame/test_General.py", "type": "Module"}, {"nodeid": "testcases/PlayGame/test_InputGame.py", "type": "Module"}, {"nodeid": "testcases/PlayGame/test_SendEmail.py", "type": "Module"}]}], "tests": [{"nodeid": "testcases/CreateWorksheet/test_function.py::TestCreateWs::test_save_worksheet_after_upload", "lineno": 14, "outcome": "failed", "keywords": ["test_save_worksheet_after_upload", "TestCreateWs", "usefixtures", "test_function.py", "testcases/CreateWorksheet/__init__.py", "test"], "setup": {"duration": 1.1609496020000734, "outcome": "passed"}, "call": {"duration": 29.110618168999736, "outcome": "failed", "crash": {"path": "/home/tdhpisme/PycharmProjects/pythonProject/venv/lib/python3.8/site-packages/selenium/webdriver/support/wait.py", "lineno": 95, "message": "selenium.common.exceptions.TimeoutException: Message: \nStacktrace:\n#0 0x558443afd683 <unknown>\n#1 0x5584438d06c6 <unknown>\n#2 0x55844390c8d8 <unknown>\n#3 0x55844390c9e1 <unknown>\n#4 0x558443947914 <unknown>\n#5 0x55844392cfdd <unknown>\n#6 0x558443945479 <unknown>\n#7 0x55844392cd83 <unknown>\n#8 0x5584438ffd38 <unknown>\n#9 0x558443900e6e <unknown>\n#10 0x558443b4a9c6 <unknown>\n#11 0x558443b4dbe3 <unknown>\n#12 0x558443b4e46a <unknown>\n#13 0x558443b33d0e <unknown>\n#14 0x558443b4ebfc <unknown>\n#15 0x558443b25428 <unknown>\n#16 0x558443b6e818 <unknown>\n#17 0x558443b6e9bf <unknown>\n#18 0x558443b88e84 <unknown>\n#19 0x7fc047fe8609 <unknown>"}, "traceback": [{"path": "../../PycharmProjects/pythonProject/testcases/CreateWorksheet/test_function.py", "lineno": 28, "message": ""}, {"path": "pages/CreateWorksheetPage.py", "lineno": 67, "message": "in upload_file"}, {"path": "../../PycharmProjects/pythonProject/venv/lib/python3.8/site-packages/selenium/webdriver/support/wait.py", "lineno": 95, "message": "TimeoutException"}], "log": [{"name": "root", "msg": "********* Home page ***********", "args": null, "levelname": "INFO", "levelno": 20, "pathname": "/home/tdhpisme/PycharmProjects/pythonProject/testcases/CreateWorksheet/test_function.py", "filename": "test_function.py", "module": "test_function", "exc_info": null, "exc_text": null, "stack_info": null, "lineno": 20, "funcName": "test_save_worksheet_after_upload", "created": 1680580078.6933086, "msecs": 693.3085918426514, "relativeCreated": 5596.456527709961, "thread": 140649803970368, "threadName": "MainThread", "processName": "MainProcess", "process": 15305}, {"name": "root", "msg": "******** Create Page **********", "args": null, "levelname": "INFO", "levelno": 20, "pathname": "/home/tdhpisme/PycharmProjects/pythonProject/testcases/CreateWorksheet/test_function.py", "filename": "test_function.py", "module": "test_function", "exc_info": null, "exc_text": null, "stack_info": null, "lineno": 26, "funcName": "test_save_worksheet_after_upload", "created": 1680580078.8178072, "msecs": 817.8071975708008, "relativeCreated": 5720.95513343811, "thread": 140649803970368, "threadName": "MainThread", "processName": "MainProcess", "process": 15305}], "longrepr": "self = <testcases.CreateWorksheet.test_function.TestCreateWs object at 0x7feb940d8880>\n\n    def test_save_worksheet_after_upload(self):\n        try:\n            self.home_page = HomePage(self.driver)\n            self.home_page.login()\n            assert self.home_page.is_page_loaded()\n            self.logger.info(\"********* Home page ***********\")\n        except Exception as e:\n            self.logger.error(f'{e}')\n            pytest.fail(\"******** Cannot open Home Page *********\")\n    \n        self.create_ws_page = self.home_page.get_started()\n        self.logger.info(\"******** Create Page **********\")\n        self.create_ws_page.switchTab(1)\n>       self.create_ws_page.upload_file()\n\n../../PycharmProjects/pythonProject/testcases/CreateWorksheet/test_function.py:28: \n_ _ _ _ _ _ _ _ _ _ _ _ _ _ _ _ _ _ _ _ _ _ _ _ _ _ _ _ _ _ _ _ _ _ _ _ _ _ _ _ _ _ _ _ _ _ _\npages/CreateWorksheetPage.py:67: in upload_file\n    WebDriverWait(self.driver, 20).until(\n_ _ _ _ _ _ _ _ _ _ _ _ _ _ _ _ _ _ _ _ _ _ _ _ _ _ _ _ _ _ _ _ _ _ _ _ _ _ _ _ _ _ _ _ _ _ _\n\nself = <selenium.webdriver.support.wait.WebDriverWait (session=\"09d6e5c871684b8ad2c6acfa70e93238\")>\nmethod = <function visibility_of_element_located.<locals>._predicate at 0x7feb931f8c10>\nmessage = ''\n\n    def until(self, method, message: str = \"\"):\n        \"\"\"Calls the method provided with the driver as an argument until the \\\n        return value does not evaluate to ``False``.\n    \n        :param method: callable(WebDriver)\n        :param message: optional message for :exc:`TimeoutException`\n        :returns: the result of the last call to `method`\n        :raises: :exc:`selenium.common.exceptions.TimeoutException` if timeout occurs\n        \"\"\"\n        screen = None\n        stacktrace = None\n    \n        end_time = time.monotonic() + self._timeout\n        while True:\n            try:\n                value = method(self._driver)\n                if value:\n                    return value\n            except self._ignored_exceptions as exc:\n                screen = getattr(exc, \"screen\", None)\n                stacktrace = getattr(exc, \"stacktrace\", None)\n            time.sleep(self._poll)\n            if time.monotonic() > end_time:\n                break\n>       raise TimeoutException(message, screen, stacktrace)\nE       selenium.common.exceptions.TimeoutException: Message: \nE       Stacktrace:\nE       #0 0x558443afd683 <unknown>\nE       #1 0x5584438d06c6 <unknown>\nE       #2 0x55844390c8d8 <unknown>\nE       #3 0x55844390c9e1 <unknown>\nE       #4 0x558443947914 <unknown>\nE       #5 0x55844392cfdd <unknown>\nE       #6 0x558443945479 <unknown>\nE       #7 0x55844392cd83 <unknown>\nE       #8 0x5584438ffd38 <unknown>\nE       #9 0x558443900e6e <unknown>\nE       #10 0x558443b4a9c6 <unknown>\nE       #11 0x558443b4dbe3 <unknown>\nE       #12 0x558443b4e46a <unknown>\nE       #13 0x558443b33d0e <unknown>\nE       #14 0x558443b4ebfc <unknown>\nE       #15 0x558443b25428 <unknown>\nE       #16 0x558443b6e818 <unknown>\nE       #17 0x558443b6e9bf <unknown>\nE       #18 0x558443b88e84 <unknown>\nE       #19 0x7fc047fe8609 <unknown>\n\n../../PycharmProjects/pythonProject/venv/lib/python3.8/site-packages/selenium/webdriver/support/wait.py:95: TimeoutException"}, "teardown": {"duration": 0.05313729599947692, "outcome": "passed"}}, {"nodeid": "testcases/CreateWorksheet/test_function.py::TestCreateWs::test_save_ws_template", "lineno": 47, "outcome": "failed", "keywords": ["test_save_ws_template", "TestCreateWs", "usefixtures", "test_function.py", "testcases/CreateWorksheet/__init__.py", "test"], "setup": {"duration": 1.1560119180003312, "outcome": "passed"}, "call": {"duration": 31.57144289899952, "outcome": "failed", "crash": {"path": "/home/tdhpisme/PycharmProjects/pythonProject/testcases/CreateWorksheet/test_function.py", "lineno": 78, "message": "Failed: ******** Shared popup not found *********"}, "traceback": [{"path": "../../PycharmProjects/pythonProject/testcases/CreateWorksheet/test_function.py", "lineno": 78, "message": "Failed"}], "log": [{"name": "root", "msg": "****** Homepage ********", "args": null, "levelname": "INFO", "levelno": 20, "pathname": "/home/tdhpisme/PycharmProjects/pythonProject/testcases/CreateWorksheet/test_function.py", "filename": "test_function.py", "module": "test_function", "exc_info": null, "exc_text": null, "stack_info": null, "lineno": 50, "funcName": "test_save_ws_template", "created": 1680580107.4726374, "msecs": 472.637414932251, "relativeCreated": 34375.78535079956, "thread": 140649803970368, "threadName": "MainThread", "processName": "MainProcess", "process": 15305}, {"name": "root", "msg": "******** Login **********", "args": null, "levelname": "INFO", "levelno": 20, "pathname": "/home/tdhpisme/PycharmProjects/pythonProject/testcases/CreateWorksheet/test_function.py", "filename": "test_function.py", "module": "test_function", "exc_info": null, "exc_text": null, "stack_info": null, "lineno": 52, "funcName": "test_save_ws_template", "created": 1680580108.0597236, "msecs": 59.723615646362305, "relativeCreated": 34962.87155151367, "thread": 140649803970368, "threadName": "MainThread", "processName": "MainProcess", "process": 15305}, {"name": "root", "msg": "*******  Create Ws Page **********", "args": null, "levelname": "INFO", "levelno": 20, "pathname": "/home/tdhpisme/PycharmProjects/pythonProject/testcases/CreateWorksheet/test_function.py", "filename": "test_function.py", "module": "test_function", "exc_info": null, "exc_text": null, "stack_info": null, "lineno": 55, "funcName": "test_save_ws_template", "created": 1680580108.2043672, "msecs": 204.36716079711914, "relativeCreated": 35107.51509666443, "thread": 140649803970368, "threadName": "MainThread", "processName": "MainProcess", "process": 15305}, {"name": "root", "msg": "****** Pick a template *******", "args": null, "levelname": "INFO", "levelno": 20, "pathname": "/home/tdhpisme/PycharmProjects/pythonProject/testcases/CreateWorksheet/test_function.py", "filename": "test_function.py", "module": "test_function", "exc_info": null, "exc_text": null, "stack_info": null, "lineno": 59, "funcName": "test_save_ws_template", "created": 1680580113.4394562, "msecs": 439.4562244415283, "relativeCreated": 40342.60416030884, "thread": 140649803970368, "threadName": "MainThread", "processName": "MainProcess", "process": 15305}, {"name": "root", "msg": "********** Save ********", "args": null, "levelname": "INFO", "levelno": 20, "pathname": "/home/tdhpisme/PycharmProjects/pythonProject/testcases/CreateWorksheet/test_function.py", "filename": "test_function.py", "module": "test_function", "exc_info": null, "exc_text": null, "stack_info": null, "lineno": 62, "funcName": "test_save_ws_template", "created": 1680580113.5468063, "msecs": 546.8063354492188, "relativeCreated": 40449.95427131653, "thread": 140649803970368, "threadName": "MainThread", "processName": "MainProcess", "process": 15305}, {"name": "root", "msg": "******* Fill pop up ********", "args": null, "levelname": "INFO", "levelno": 20, "pathname": "/home/tdhpisme/PycharmProjects/pythonProject/testcases/CreateWorksheet/test_function.py", "filename": "test_function.py", "module": "test_function", "exc_info": null, "exc_text": null, "stack_info": null, "lineno": 70, "funcName": "test_save_ws_template", "created": 1680580114.1322653, "msecs": 132.2653293609619, "relativeCreated": 41035.41326522827, "thread": 140649803970368, "threadName": "MainThread", "processName": "MainProcess", "process": 15305}, {"name": "root", "msg": "******* Save ******", "args": null, "levelname": "INFO", "levelno": 20, "pathname": "/home/tdhpisme/PycharmProjects/pythonProject/testcases/CreateWorksheet/test_function.py", "filename": "test_function.py", "module": "test_function", "exc_info": null, "exc_text": null, "stack_info": null, "lineno": 73, "funcName": "test_save_ws_template", "created": 1680580114.1892016, "msecs": 189.20159339904785, "relativeCreated": 41092.34952926636, "thread": 140649803970368, "threadName": "MainThread", "processName": "MainProcess", "process": 15305}], "longrepr": "self = <testcases.CreateWorksheet.test_function.TestCreateWs object at 0x7feb940d8a00>\n\n    def test_save_ws_template(self):\n        home_page = HomePage(self.driver)\n        self.logger.info(\"****** Homepage ********\")\n        home_page.login()\n        self.logger.info(\"******** Login **********\")\n    \n        self.create_ws_page = home_page.get_started()\n        self.logger.info(\"*******  Create Ws Page **********\")\n        self.create_ws_page.switchTab(1)\n    \n        self.create_ws_page.pick_a_template()\n        self.logger.info(\"****** Pick a template *******\")\n    \n        self.create_ws_page.click_red_save_button()\n        self.logger.info(\"********** Save ********\")\n        ##\n        try:\n            assert bool(self.create_ws_page.get_save_pop_up())\n        except Exception:\n            pytest.fail(\"******** Save pop up not found *********\")\n    \n        self.create_ws_page.input_ws_name()\n        self.logger.info(\"******* Fill pop up ********\")\n    \n        self.create_ws_page.click_blue_save_button()\n        self.logger.info(\"******* Save ******\")\n        # Test\n        try:\n>           self.create_ws_page.get_shared_popup()\n\n../../PycharmProjects/pythonProject/testcases/CreateWorksheet/test_function.py:76: \n_ _ _ _ _ _ _ _ _ _ _ _ _ _ _ _ _ _ _ _ _ _ _ _ _ _ _ _ _ _ _ _ _ _ _ _ _ _ _ _ _ _ _ _ _ _ _\n\nself = <pages.CreateWorksheetPage.CreateWorksheetPage object at 0x7feb93108520>\n\n    def get_shared_popup(self):\n>       return WebDriverWait(self.driver, 20).until(\n            EC.visibility_of_element_located(self.SHARE_POPUP_CONTAINER)\n        )\n\npages/CreateWorksheetPage.py:105: \n_ _ _ _ _ _ _ _ _ _ _ _ _ _ _ _ _ _ _ _ _ _ _ _ _ _ _ _ _ _ _ _ _ _ _ _ _ _ _ _ _ _ _ _ _ _ _\n\nself = <selenium.webdriver.support.wait.WebDriverWait (session=\"329b8528715426e0ee924c62a071c9e8\")>\nmethod = <function visibility_of_element_located.<locals>._predicate at 0x7feb9311a1f0>\nmessage = ''\n\n    def until(self, method, message: str = \"\"):\n        \"\"\"Calls the method provided with the driver as an argument until the \\\n        return value does not evaluate to ``False``.\n    \n        :param method: callable(WebDriver)\n        :param message: optional message for :exc:`TimeoutException`\n        :returns: the result of the last call to `method`\n        :raises: :exc:`selenium.common.exceptions.TimeoutException` if timeout occurs\n        \"\"\"\n        screen = None\n        stacktrace = None\n    \n        end_time = time.monotonic() + self._timeout\n        while True:\n            try:\n                value = method(self._driver)\n                if value:\n                    return value\n            except self._ignored_exceptions as exc:\n                screen = getattr(exc, \"screen\", None)\n                stacktrace = getattr(exc, \"stacktrace\", None)\n            time.sleep(self._poll)\n            if time.monotonic() > end_time:\n                break\n>       raise TimeoutException(message, screen, stacktrace)\nE       selenium.common.exceptions.TimeoutException: Message: \nE       Stacktrace:\nE       #0 0x564413f2b683 <unknown>\nE       #1 0x564413cfe6c6 <unknown>\nE       #2 0x564413d3a8d8 <unknown>\nE       #3 0x564413d3a9e1 <unknown>\nE       #4 0x564413d75914 <unknown>\nE       #5 0x564413d5afdd <unknown>\nE       #6 0x564413d73479 <unknown>\nE       #7 0x564413d5ad83 <unknown>\nE       #8 0x564413d2dd38 <unknown>\nE       #9 0x564413d2ee6e <unknown>\nE       #10 0x564413f789c6 <unknown>\nE       #11 0x564413f7bbe3 <unknown>\nE       #12 0x564413f7c46a <unknown>\nE       #13 0x564413f61d0e <unknown>\nE       #14 0x564413f7cbfc <unknown>\nE       #15 0x564413f53428 <unknown>\nE       #16 0x564413f9c818 <unknown>\nE       #17 0x564413f9c9bf <unknown>\nE       #18 0x564413fb6e84 <unknown>\nE       #19 0x7fd56668a609 <unknown>\n\n../../PycharmProjects/pythonProject/venv/lib/python3.8/site-packages/selenium/webdriver/support/wait.py:95: TimeoutException\n\nDuring handling of the above exception, another exception occurred:\n\nself = <testcases.CreateWorksheet.test_function.TestCreateWs object at 0x7feb940d8a00>\n\n    def test_save_ws_template(self):\n        home_page = HomePage(self.driver)\n        self.logger.info(\"****** Homepage ********\")\n        home_page.login()\n        self.logger.info(\"******** Login **********\")\n    \n        self.create_ws_page = home_page.get_started()\n        self.logger.info(\"*******  Create Ws Page **********\")\n        self.create_ws_page.switchTab(1)\n    \n        self.create_ws_page.pick_a_template()\n        self.logger.info(\"****** Pick a template *******\")\n    \n        self.create_ws_page.click_red_save_button()\n        self.logger.info(\"********** Save ********\")\n        ##\n        try:\n            assert bool(self.create_ws_page.get_save_pop_up())\n        except Exception:\n            pytest.fail(\"******** Save pop up not found *********\")\n    \n        self.create_ws_page.input_ws_name()\n        self.logger.info(\"******* Fill pop up ********\")\n    \n        self.create_ws_page.click_blue_save_button()\n        self.logger.info(\"******* Save ******\")\n        # Test\n        try:\n            self.create_ws_page.get_shared_popup()\n        except Exception:\n>           pytest.fail(\"******** Shared popup not found *********\")\nE           Failed: ******** Shared popup not found *********\n\n../../PycharmProjects/pythonProject/testcases/CreateWorksheet/test_function.py:78: Failed"}, "teardown": {"duration": 0.05304375199921196, "outcome": "passed"}}, {"nodeid": "testcases/CreateWorksheet/test_function.py::TestCreateWs::test_save_blank_ws", "lineno": 80, "outcome": "passed", "keywords": ["test_save_blank_ws", "TestCreateWs", "usefixtures", "test_function.py", "testcases/CreateWorksheet/__init__.py", "test"], "setup": {"duration": 1.229504898000414, "outcome": "passed"}, "call": {"duration": 6.404766036000183, "outcome": "passed", "log": [{"name": "root", "msg": "******* HomePage *********", "args": null, "levelname": "INFO", "levelno": 20, "pathname": "/home/tdhpisme/PycharmProjects/pythonProject/testcases/CreateWorksheet/test_function.py", "filename": "test_function.py", "module": "test_function", "exc_info": null, "exc_text": null, "stack_info": null, "lineno": 83, "funcName": "test_save_blank_ws", "created": 1680580140.9658575, "msecs": 965.8575057983398, "relativeCreated": 67869.00544166565, "thread": 140649803970368, "threadName": "MainThread", "processName": "MainProcess", "process": 15305}, {"name": "root", "msg": "******* Login ********", "args": null, "levelname": "INFO", "levelno": 20, "pathname": "/home/tdhpisme/PycharmProjects/pythonProject/testcases/CreateWorksheet/test_function.py", "filename": "test_function.py", "module": "test_function", "exc_info": null, "exc_text": null, "stack_info": null, "lineno": 85, "funcName": "test_save_blank_ws", "created": 1680580141.5865297, "msecs": 586.5297317504883, "relativeCreated": 68489.6776676178, "thread": 140649803970368, "threadName": "MainThread", "processName": "MainProcess", "process": 15305}, {"name": "root", "msg": "******* CreatePage ********", "args": null, "levelname": "INFO", "levelno": 20, "pathname": "/home/tdhpisme/PycharmProjects/pythonProject/testcases/CreateWorksheet/test_function.py", "filename": "test_function.py", "module": "test_function", "exc_info": null, "exc_text": null, "stack_info": null, "lineno": 88, "funcName": "test_save_blank_ws", "created": 1680580141.7023923, "msecs": 702.3923397064209, "relativeCreated": 68605.54027557373, "thread": 140649803970368, "threadName": "MainThread", "processName": "MainProcess", "process": 15305}, {"name": "root", "msg": "******** Save ********", "args": null, "levelname": "INFO", "levelno": 20, "pathname": "/home/tdhpisme/PycharmProjects/pythonProject/testcases/CreateWorksheet/test_function.py", "filename": "test_function.py", "module": "test_function", "exc_info": null, "exc_text": null, "stack_info": null, "lineno": 92, "funcName": "test_save_blank_ws", "created": 1680580144.0378497, "msecs": 37.84966468811035, "relativeCreated": 70940.99760055542, "thread": 140649803970368, "threadName": "MainThread", "processName": "MainProcess", "process": 15305}, {"name": "root", "msg": "*******Test passed *******", "args": null, "levelname": "INFO", "levelno": 20, "pathname": "/home/tdhpisme/PycharmProjects/pythonProject/testcases/CreateWorksheet/test_function.py", "filename": "test_function.py", "module": "test_function", "exc_info": null, "exc_text": null, "stack_info": null, "lineno": 98, "funcName": "test_save_blank_ws", "created": 1680580144.047652, "msecs": 47.65200614929199, "relativeCreated": 70950.7999420166, "thread": 140649803970368, "threadName": "MainThread", "processName": "MainProcess", "process": 15305}]}, "teardown": {"duration": 0.053469877000679844, "outcome": "passed"}}, {"nodeid": "testcases/CreateWorksheet/test_function.py::TestCreateWs::test_undo_redo", "lineno": 99, "outcome": "passed", "keywords": ["test_undo_redo", "TestCreateWs", "usefixtures", "test_function.py", "testcases/CreateWorksheet/__init__.py", "test"], "setup": {"duration": 1.1847059930005344, "outcome": "passed"}, "call": {"duration": 14.925866118000158, "outcome": "passed", "log": [{"name": "root", "msg": "********** Test 004, 005 *********", "args": null, "levelname": "INFO", "levelno": 20, "pathname": "/home/tdhpisme/PycharmProjects/pythonProject/testcases/CreateWorksheet/test_function.py", "filename": "test_function.py", "module": "test_function", "exc_info": null, "exc_text": null, "stack_info": null, "lineno": 101, "funcName": "test_undo_redo", "created": 1680580145.2876132, "msecs": 287.6131534576416, "relativeCreated": 72190.76108932495, "thread": 140649803970368, "threadName": "MainThread", "processName": "MainProcess", "process": 15305}, {"name": "root", "msg": "********** Home Page*********", "args": null, "levelname": "INFO", "levelno": 20, "pathname": "/home/tdhpisme/PycharmProjects/pythonProject/testcases/CreateWorksheet/test_function.py", "filename": "test_function.py", "module": "test_function", "exc_info": null, "exc_text": null, "stack_info": null, "lineno": 103, "funcName": "test_undo_redo", "created": 1680580147.7489984, "msecs": 748.9984035491943, "relativeCreated": 74652.1463394165, "thread": 140649803970368, "threadName": "MainThread", "processName": "MainProcess", "process": 15305}, {"name": "root", "msg": "********** Pick a template *********", "args": null, "levelname": "INFO", "levelno": 20, "pathname": "/home/tdhpisme/PycharmProjects/pythonProject/testcases/CreateWorksheet/test_function.py", "filename": "test_function.py", "module": "test_function", "exc_info": null, "exc_text": null, "stack_info": null, "lineno": 108, "funcName": "test_undo_redo", "created": 1680580154.4145484, "msecs": 414.548397064209, "relativeCreated": 81317.69633293152, "thread": 140649803970368, "threadName": "MainThread", "processName": "MainProcess", "process": 15305}, {"name": "root", "msg": "********** Undo *********", "args": null, "levelname": "INFO", "levelno": 20, "pathname": "/home/tdhpisme/PycharmProjects/pythonProject/testcases/CreateWorksheet/test_function.py", "filename": "test_function.py", "module": "test_function", "exc_info": null, "exc_text": null, "stack_info": null, "lineno": 118, "funcName": "test_undo_redo", "created": 1680580154.5447621, "msecs": 544.762134552002, "relativeCreated": 81447.91007041931, "thread": 140649803970368, "threadName": "MainThread", "processName": "MainProcess", "process": 15305}, {"name": "root", "msg": "********** Redo *********", "args": null, "levelname": "INFO", "levelno": 20, "pathname": "/home/tdhpisme/PycharmProjects/pythonProject/testcases/CreateWorksheet/test_function.py", "filename": "test_function.py", "module": "test_function", "exc_info": null, "exc_text": null, "stack_info": null, "lineno": 128, "funcName": "test_undo_redo", "created": 1680580160.1936238, "msecs": 193.62378120422363, "relativeCreated": 87096.77171707153, "thread": 140649803970368, "threadName": "MainThread", "processName": "MainProcess", "process": 15305}, {"name": "root", "msg": "***** Test passed *******", "args": null, "levelname": "INFO", "levelno": 20, "pathname": "/home/tdhpisme/PycharmProjects/pythonProject/testcases/CreateWorksheet/test_function.py", "filename": "test_function.py", "module": "test_function", "exc_info": null, "exc_text": null, "stack_info": null, "lineno": 136, "funcName": "test_undo_redo", "created": 1680580160.2130377, "msecs": 213.03772926330566, "relativeCreated": 87116.18566513062, "thread": 140649803970368, "threadName": "MainThread", "processName": "MainProcess", "process": 15305}]}, "teardown": {"duration": 0.0748075390001759, "outcome": "passed"}}, {"nodeid": "testcases/CreateWorksheet/test_function.py::TestCreateWs::test_zoom", "lineno": 137, "outcome": "passed", "keywords": ["test_zoom", "TestCreateWs", "usefixtures", "test_function.py", "testcases/CreateWorksheet/__init__.py", "test"], "setup": {"duration": 1.229389756999808, "outcome": "passed"}, "call": {"duration": 6.0392276680004215, "outcome": "passed", "log": [{"name": "root", "msg": "****** Test 006 *****", "args": null, "levelname": "INFO", "levelno": 20, "pathname": "/home/tdhpisme/PycharmProjects/pythonProject/testcases/CreateWorksheet/test_function.py", "filename": "test_function.py", "module": "test_function", "exc_info": null, "exc_text": null, "stack_info": null, "lineno": 139, "funcName": "test_zoom", "created": 1680580161.5186481, "msecs": 518.6481475830078, "relativeCreated": 88421.79608345032, "thread": 140649803970368, "threadName": "MainThread", "processName": "MainProcess", "process": 15305}, {"name": "root", "msg": "********* Home Page *****", "args": null, "levelname": "INFO", "levelno": 20, "pathname": "/home/tdhpisme/PycharmProjects/pythonProject/testcases/CreateWorksheet/test_function.py", "filename": "test_function.py", "module": "test_function", "exc_info": null, "exc_text": null, "stack_info": null, "lineno": 141, "funcName": "test_zoom", "created": 1680580164.108403, "msecs": 108.40296745300293, "relativeCreated": 91011.55090332031, "thread": 140649803970368, "threadName": "MainThread", "processName": "MainProcess", "process": 15305}, {"name": "root", "msg": "******* Create Page ******", "args": null, "levelname": "INFO", "levelno": 20, "pathname": "/home/tdhpisme/PycharmProjects/pythonProject/testcases/CreateWorksheet/test_function.py", "filename": "test_function.py", "module": "test_function", "exc_info": null, "exc_text": null, "stack_info": null, "lineno": 144, "funcName": "test_zoom", "created": 1680580164.2648416, "msecs": 264.84155654907227, "relativeCreated": 91167.98949241638, "thread": 140649803970368, "threadName": "MainThread", "processName": "MainProcess", "process": 15305}, {"name": "root", "msg": "****** Zoom out *******", "args": null, "levelname": "INFO", "levelno": 20, "pathname": "/home/tdhpisme/PycharmProjects/pythonProject/testcases/CreateWorksheet/test_function.py", "filename": "test_function.py", "module": "test_function", "exc_info": null, "exc_text": null, "stack_info": null, "lineno": 147, "funcName": "test_zoom", "created": 1680580167.4610517, "msecs": 461.05170249938965, "relativeCreated": 94364.1996383667, "thread": 140649803970368, "threadName": "MainThread", "processName": "MainProcess", "process": 15305}, {"name": "root", "msg": "******* Zoom in *******", "args": null, "levelname": "INFO", "levelno": 20, "pathname": "/home/tdhpisme/PycharmProjects/pythonProject/testcases/CreateWorksheet/test_function.py", "filename": "test_function.py", "module": "test_function", "exc_info": null, "exc_text": null, "stack_info": null, "lineno": 160, "funcName": "test_zoom", "created": 1680580167.5542443, "msecs": 554.2442798614502, "relativeCreated": 94457.39221572876, "thread": 140649803970368, "threadName": "MainThread", "processName": "MainProcess", "process": 15305}, {"name": "root", "msg": "******* Test passed ******", "args": null, "levelname": "INFO", "levelno": 20, "pathname": "/home/tdhpisme/PycharmProjects/pythonProject/testcases/CreateWorksheet/test_function.py", "filename": "test_function.py", "module": "test_function", "exc_info": null, "exc_text": null, "stack_info": null, "lineno": 168, "funcName": "test_zoom", "created": 1680580167.5574968, "msecs": 557.4967861175537, "relativeCreated": 94460.64472198486, "thread": 140649803970368, "threadName": "MainThread", "processName": "MainProcess", "process": 15305}]}, "teardown": {"duration": 0.052659302999927604, "outcome": "passed"}}, {"nodeid": "testcases/CreateWorksheet/test_function.py::TestCreateWs::test_feed_back_pop_up_1", "lineno": 173, "outcome": "skipped", "keywords": ["test_feed_back_pop_up_1", "TestCreateWs", "usefixtures", "test_function.py", "testcases/CreateWorksheet/__init__.py", "test"], "setup": {"duration": 1.2169126970002253, "outcome": "passed"}, "call": {"duration": 0.0008864830006132252, "outcome": "skipped", "log": [{"name": "root", "msg": "****** Test 008 ******", "args": null, "levelname": "INFO", "levelno": 20, "pathname": "/home/tdhpisme/PycharmProjects/pythonProject/testcases/CreateWorksheet/test_function.py", "filename": "test_function.py", "module": "test_function", "exc_info": null, "exc_text": null, "stack_info": null, "lineno": 175, "funcName": "test_feed_back_pop_up_1", "created": 1680580168.828626, "msecs": 828.6259174346924, "relativeCreated": 95731.773853302, "thread": 140649803970368, "threadName": "MainThread", "processName": "MainProcess", "process": 15305}], "longrepr": "('/home/tdhpisme/PycharmProjects/pythonProject/testcases/CreateWorksheet/test_function.py', 176, 'Skipped')"}, "teardown": {"duration": 0.2240251069997612, "outcome": "passed"}}, {"nodeid": "testcases/CreateWorksheet/test_function.py::TestCreateWs::test_feed_back_pop_up_2", "lineno": 183, "outcome": "skipped", "keywords": ["test_feed_back_pop_up_2", "TestCreateWs", "usefixtures", "test_function.py", "testcases/CreateWorksheet/__init__.py", "test"], "setup": {"duration": 1.2037748310003735, "outcome": "passed"}, "call": {"duration": 0.0010828189997482696, "outcome": "skipped", "log": [{"name": "root", "msg": "****** Test 009 ******", "args": null, "levelname": "INFO", "levelno": 20, "pathname": "/home/tdhpisme/PycharmProjects/pythonProject/testcases/CreateWorksheet/test_function.py", "filename": "test_function.py", "module": "test_function", "exc_info": null, "exc_text": null, "stack_info": null, "lineno": 185, "funcName": "test_feed_back_pop_up_2", "created": 1680580170.2594295, "msecs": 259.4294548034668, "relativeCreated": 97162.57739067078, "thread": 140649803970368, "threadName": "MainThread", "processName": "MainProcess", "process": 15305}], "longrepr": "('/home/tdhpisme/PycharmProjects/pythonProject/testcases/CreateWorksheet/test_function.py', 186, 'Skipped')"}, "teardown": {"duration": 0.22888902199974837, "outcome": "passed"}}, {"nodeid": "testcases/CreateWorksheet/test_function.py::TestCreateWs::test_add_page_with_button", "lineno": 192, "outcome": "passed", "keywords": ["test_add_page_with_button", "TestCreateWs", "usefixtures", "test_function.py", "testcases/CreateWorksheet/__init__.py", "test"], "setup": {"duration": 1.2189277809993655, "outcome": "passed"}, "call": {"duration": 10.897157633999996, "outcome": "passed", "log": [{"name": "root", "msg": "***** Test 015 *****", "args": null, "levelname": "INFO", "levelno": 20, "pathname": "/home/tdhpisme/PycharmProjects/pythonProject/testcases/CreateWorksheet/test_function.py", "filename": "test_function.py", "module": "test_function", "exc_info": null, "exc_text": null, "stack_info": null, "lineno": 194, "funcName": "test_add_page_with_button", "created": 1680580171.709188, "msecs": 709.1879844665527, "relativeCreated": 98612.33592033386, "thread": 140649803970368, "threadName": "MainThread", "processName": "MainProcess", "process": 15305}, {"name": "root", "msg": "******* Home Page *******", "args": null, "levelname": "INFO", "levelno": 20, "pathname": "/home/tdhpisme/PycharmProjects/pythonProject/testcases/CreateWorksheet/test_function.py", "filename": "test_function.py", "module": "test_function", "exc_info": null, "exc_text": null, "stack_info": null, "lineno": 196, "funcName": "test_add_page_with_button", "created": 1680580174.0034592, "msecs": 3.4592151641845703, "relativeCreated": 100906.6071510315, "thread": 140649803970368, "threadName": "MainThread", "processName": "MainProcess", "process": 15305}, {"name": "root", "msg": "****** Create Page ******", "args": null, "levelname": "INFO", "levelno": 20, "pathname": "/home/tdhpisme/PycharmProjects/pythonProject/testcases/CreateWorksheet/test_function.py", "filename": "test_function.py", "module": "test_function", "exc_info": null, "exc_text": null, "stack_info": null, "lineno": 201, "funcName": "test_add_page_with_button", "created": 1680580179.4590642, "msecs": 459.064245223999, "relativeCreated": 106362.21218109131, "thread": 140649803970368, "threadName": "MainThread", "processName": "MainProcess", "process": 15305}, {"name": "root", "msg": "********* Add Page ********", "args": null, "levelname": "INFO", "levelno": 20, "pathname": "/home/tdhpisme/PycharmProjects/pythonProject/testcases/CreateWorksheet/test_function.py", "filename": "test_function.py", "module": "test_function", "exc_info": null, "exc_text": null, "stack_info": null, "lineno": 205, "funcName": "test_add_page_with_button", "created": 1680580182.5947404, "msecs": 594.7403907775879, "relativeCreated": 109497.8883266449, "thread": 140649803970368, "threadName": "MainThread", "processName": "MainProcess", "process": 15305}, {"name": "root", "msg": "******* Test passed *****", "args": null, "levelname": "INFO", "levelno": 20, "pathname": "/home/tdhpisme/PycharmProjects/pythonProject/testcases/CreateWorksheet/test_function.py", "filename": "test_function.py", "module": "test_function", "exc_info": null, "exc_text": null, "stack_info": null, "lineno": 212, "funcName": "test_add_page_with_button", "created": 1680580182.6059318, "msecs": 605.9317588806152, "relativeCreated": 109509.07969474792, "thread": 140649803970368, "threadName": "MainThread", "processName": "MainProcess", "process": 15305}]}, "teardown": {"duration": 0.055620964999434364, "outcome": "passed"}}, {"nodeid": "testcases/CreateWorksheet/test_function.py::TestCreateWs::test_add_page_with_icon", "lineno": 214, "outcome": "passed", "keywords": ["test_add_page_with_icon", "TestCreateWs", "usefixtures", "test_function.py", "testcases/CreateWorksheet/__init__.py", "test"], "setup": {"duration": 1.240591896999831, "outcome": "passed"}, "call": {"duration": 11.451814259999992, "outcome": "passed", "log": [{"name": "root", "msg": "****** Test 016 *****", "args": null, "levelname": "INFO", "levelno": 20, "pathname": "/home/tdhpisme/PycharmProjects/pythonProject/testcases/CreateWorksheet/test_function.py", "filename": "test_function.py", "module": "test_function", "exc_info": null, "exc_text": null, "stack_info": null, "lineno": 216, "funcName": "test_add_page_with_icon", "created": 1680580183.9036546, "msecs": 903.6545753479004, "relativeCreated": 110806.80251121521, "thread": 140649803970368, "threadName": "MainThread", "processName": "MainProcess", "process": 15305}, {"name": "root", "msg": "******* Home Page *****", "args": null, "levelname": "INFO", "levelno": 20, "pathname": "/home/tdhpisme/PycharmProjects/pythonProject/testcases/CreateWorksheet/test_function.py", "filename": "test_function.py", "module": "test_function", "exc_info": null, "exc_text": null, "stack_info": null, "lineno": 218, "funcName": "test_add_page_with_icon", "created": 1680580186.5457766, "msecs": 545.7766056060791, "relativeCreated": 113448.92454147339, "thread": 140649803970368, "threadName": "MainThread", "processName": "MainProcess", "process": 15305}, {"name": "root", "msg": "**** Create Page *****", "args": null, "levelname": "INFO", "levelno": 20, "pathname": "/home/tdhpisme/PycharmProjects/pythonProject/testcases/CreateWorksheet/test_function.py", "filename": "test_function.py", "module": "test_function", "exc_info": null, "exc_text": null, "stack_info": null, "lineno": 222, "funcName": "test_add_page_with_icon", "created": 1680580187.2635899, "msecs": 263.58985900878906, "relativeCreated": 114166.7377948761, "thread": 140649803970368, "threadName": "MainThread", "processName": "MainProcess", "process": 15305}, {"name": "root", "msg": "******* Test passed *****", "args": null, "levelname": "INFO", "levelno": 20, "pathname": "/home/tdhpisme/PycharmProjects/pythonProject/testcases/CreateWorksheet/test_function.py", "filename": "test_function.py", "module": "test_function", "exc_info": null, "exc_text": null, "stack_info": null, "lineno": 232, "funcName": "test_add_page_with_icon", "created": 1680580195.355031, "msecs": 355.03101348876953, "relativeCreated": 122258.17894935608, "thread": 140649803970368, "threadName": "MainThread", "processName": "MainProcess", "process": 15305}]}, "teardown": {"duration": 0.053095824999218166, "outcome": "passed"}}, {"nodeid": "testcases/CreateWorksheet/test_function.py::TestCreateWs::test_duplicate_page", "lineno": 233, "outcome": "skipped", "keywords": ["test_duplicate_page", "TestCreateWs", "usefixtures", "test_function.py", "testcases/CreateWorksheet/__init__.py", "test"], "setup": {"duration": 1.2119001569999455, "outcome": "passed"}, "call": {"duration": 0.00025263299994549016, "outcome": "skipped", "longrepr": "('/home/tdhpisme/PycharmProjects/pythonProject/testcases/CreateWorksheet/test_function.py', 235, 'Skipped')"}, "teardown": {"duration": 0.2554173520002223, "outcome": "passed"}}, {"nodeid": "testcases/CreateWorksheet/test_function.py::TestCreateWs::test_move_up_down", "lineno": 237, "outcome": "skipped", "keywords": ["test_move_up_down", "TestCreateWs", "usefixtures", "test_function.py", "testcases/CreateWorksheet/__init__.py", "test"], "setup": {"duration": 1.1467511070004548, "outcome": "passed"}, "call": {"duration": 0.00026408699977764627, "outcome": "skipped", "longrepr": "('/home/tdhpisme/PycharmProjects/pythonProject/testcases/CreateWorksheet/test_function.py', 239, 'Skipped')"}, "teardown": {"duration": 0.20902755399947637, "outcome": "passed"}}, {"nodeid": "testcases/CreateWorksheet/test_function.py::TestCreateWs::test_scroll_to_top", "lineno": 241, "outcome": "passed", "keywords": ["test_scroll_to_top", "TestCreateWs", "usefixtures", "test_function.py", "testcases/CreateWorksheet/__init__.py", "test"], "setup": {"duration": 1.2001503940000475, "outcome": "passed"}, "call": {"duration": 11.344211689000076, "outcome": "passed", "log": [{"name": "root", "msg": "******** Test 020 **********", "args": null, "levelname": "INFO", "levelno": 20, "pathname": "/home/tdhpisme/PycharmProjects/pythonProject/testcases/CreateWorksheet/test_function.py", "filename": "test_function.py", "module": "test_function", "exc_info": null, "exc_text": null, "stack_info": null, "lineno": 243, "funcName": "test_scroll_to_top", "created": 1680580199.4413292, "msecs": 441.3292407989502, "relativeCreated": 126344.47717666626, "thread": 140649803970368, "threadName": "MainThread", "processName": "MainProcess", "process": 15305}, {"name": "root", "msg": "********* Create Page *******", "args": null, "levelname": "INFO", "levelno": 20, "pathname": "/home/tdhpisme/PycharmProjects/pythonProject/testcases/CreateWorksheet/test_function.py", "filename": "test_function.py", "module": "test_function", "exc_info": null, "exc_text": null, "stack_info": null, "lineno": 246, "funcName": "test_scroll_to_top", "created": 1680580202.8024578, "msecs": 802.4578094482422, "relativeCreated": 129705.60574531555, "thread": 140649803970368, "threadName": "MainThread", "processName": "MainProcess", "process": 15305}, {"name": "root", "msg": "********* Scroll to bottom *****", "args": null, "levelname": "INFO", "levelno": 20, "pathname": "/home/tdhpisme/PycharmProjects/pythonProject/testcases/CreateWorksheet/test_function.py", "filename": "test_function.py", "module": "test_function", "exc_info": null, "exc_text": null, "stack_info": null, "lineno": 249, "funcName": "test_scroll_to_top", "created": 1680580202.8189845, "msecs": 818.9845085144043, "relativeCreated": 129722.13244438171, "thread": 140649803970368, "threadName": "MainThread", "processName": "MainProcess", "process": 15305}, {"name": "root", "msg": "******** Click up-arrow button ******", "args": null, "levelname": "INFO", "levelno": 20, "pathname": "/home/tdhpisme/PycharmProjects/pythonProject/testcases/CreateWorksheet/test_function.py", "filename": "test_function.py", "module": "test_function", "exc_info": null, "exc_text": null, "stack_info": null, "lineno": 258, "funcName": "test_scroll_to_top", "created": 1680580203.2278905, "msecs": 227.8904914855957, "relativeCreated": 130131.0384273529, "thread": 140649803970368, "threadName": "MainThread", "processName": "MainProcess", "process": 15305}, {"name": "root", "msg": "**** Test Passed *****", "args": null, "levelname": "INFO", "levelno": 20, "pathname": "/home/tdhpisme/PycharmProjects/pythonProject/testcases/CreateWorksheet/test_function.py", "filename": "test_function.py", "module": "test_function", "exc_info": null, "exc_text": null, "stack_info": null, "lineno": 265, "funcName": "test_scroll_to_top", "created": 1680580210.7847536, "msecs": 784.7535610198975, "relativeCreated": 137687.9014968872, "thread": 140649803970368, "threadName": "MainThread", "processName": "MainProcess", "process": 15305}]}, "teardown": {"duration": 0.1924652210000204, "outcome": "passed"}}]}